12:10:11.580 INFO [GridLauncherV3.launch] - Selenium build info: version: '3.13.0', revision: '2f0d292'
12:10:11.585 INFO [GridLauncherV3$1.launch] - Launching a standalone Selenium Server on port 4445
2018-08-02 12:10:11.762:INFO::main: Logging initialized @500ms to org.seleniumhq.jetty9.util.log.StdErrLog
12:10:12.048 INFO [SeleniumServer.boot] - Selenium Server is up and running on port 4445
12:10:12.445 INFO [ActiveSessionFactory.apply] - Capabilities are: {
  "acceptSslCerts": true,
  "browserName": "chrome",
  "javascriptEnabled": true,
  "name": "Watch List"
}
12:10:12.448 INFO [ActiveSessionFactory.lambda$apply$11] - Matched factory org.openqa.selenium.remote.server.ServicedSession$Factory (provider: org.openqa.selenium.chrome.ChromeDriverService)
Starting ChromeDriver 2.40.565498 (ea082db3280dd6843ebfb08a625e3eb905c4f5ab) on port 39241
Only local connections are allowed.
12:10:15.065 INFO [ProtocolHandshake.createSession] - Detected dialect: OSS
12:10:15.353 INFO [RemoteSession$Factory.lambda$performHandshake$0] - Started new session e16616b4c6a3b386610ac8e31c7d669c (org.openqa.selenium.chrome.ChromeDriverService)
12:10:39.717 INFO [ActiveSessions$1.onStop] - Removing session e16616b4c6a3b386610ac8e31c7d669c (org.openqa.selenium.chrome.ChromeDriverService)
16:22:19.928 INFO [GridLauncherV3.launch] - Selenium build info: version: '3.13.0', revision: '2f0d292'
16:22:19.933 INFO [GridLauncherV3$1.launch] - Launching a standalone Selenium Server on port 4445
2018-08-01 16:22:20.115:INFO::main: Logging initialized @514ms to org.seleniumhq.jetty9.util.log.StdErrLog
16:22:20.398 INFO [SeleniumServer.boot] - Selenium Server is up and running on port 4445
16:22:20.812 INFO [ActiveSessionFactory.apply] - Capabilities are: {
  "acceptSslCerts": true,
  "browserName": "chrome",
  "javascriptEnabled": true,
  "name": "Test1"
}
16:22:20.812 INFO [ActiveSessionFactory.lambda$apply$11] - Matched factory org.openqa.selenium.remote.server.ServicedSession$Factory (provider: org.openqa.selenium.chrome.ChromeDriverService)
Starting ChromeDriver 2.40.565498 (ea082db3280dd6843ebfb08a625e3eb905c4f5ab) on port 18627
Only local connections are allowed.
16:22:28.066 INFO [ProtocolHandshake.createSession] - Detected dialect: OSS
16:22:28.363 INFO [RemoteSession$Factory.lambda$performHandshake$0] - Started new session 38b3fbb4d256a7b438a59c8000144634 (org.openqa.selenium.chrome.ChromeDriverService)
16:22:48.218 INFO [ActiveSessions$1.onStop] - Removing session 38b3fbb4d256a7b438a59c8000144634 (org.openqa.selenium.chrome.ChromeDriverService)
